2013/06/18 10:00:59 [error] [exception.CHttpException.404] exception 'CHttpException' with message 'The requested view "download" was not found.' in /Users/coly/Sites/yii-1.1.13.e9e4a0/framework/web/actions/CViewAction.php:112
Stack trace:
#0 /Users/coly/Sites/yii-1.1.13.e9e4a0/framework/web/actions/CViewAction.php(123): CViewAction->resolveView('download')
#1 /Users/coly/Sites/yii-1.1.13.e9e4a0/framework/web/actions/CAction.php(76): CViewAction->run()
#2 /Users/coly/Sites/yii-1.1.13.e9e4a0/framework/web/CController.php(308): CAction->runWithParams(Array)
#3 /Users/coly/Sites/yii-1.1.13.e9e4a0/framework/web/CController.php(286): CController->runAction(Object(CViewAction))
#4 /Users/coly/Sites/yii-1.1.13.e9e4a0/framework/web/CController.php(265): CController->runActionWithFilters(Object(CViewAction), Array)
#5 /Users/coly/Sites/yii-1.1.13.e9e4a0/framework/web/CWebApplication.php(282): CController->run('page')
#6 /Users/coly/Sites/yii-1.1.13.e9e4a0/framework/web/CWebApplication.php(141): CWebApplication->runController('site/page')
#7 /Users/coly/Sites/yii-1.1.13.e9e4a0/framework/base/CApplication.php(169): CWebApplication->processRequest()
#8 /Users/coly/Sites/phponyii/index.php(13): CApplication->run()
#9 {main}
REQUEST_URI=/phponyii/index.php?r=site/page&view=download
HTTP_REFERER=http://127.0.0.1:1000/phponyii/index.php?r=site/index
---
2013/06/18 10:01:00 [error] [exception.CHttpException.404] exception 'CHttpException' with message 'The requested view "deploy" was not found.' in /Users/coly/Sites/yii-1.1.13.e9e4a0/framework/web/actions/CViewAction.php:112
Stack trace:
#0 /Users/coly/Sites/yii-1.1.13.e9e4a0/framework/web/actions/CViewAction.php(123): CViewAction->resolveView('deploy')
#1 /Users/coly/Sites/yii-1.1.13.e9e4a0/framework/web/actions/CAction.php(76): CViewAction->run()
#2 /Users/coly/Sites/yii-1.1.13.e9e4a0/framework/web/CController.php(308): CAction->runWithParams(Array)
#3 /Users/coly/Sites/yii-1.1.13.e9e4a0/framework/web/CController.php(286): CController->runAction(Object(CViewAction))
#4 /Users/coly/Sites/yii-1.1.13.e9e4a0/framework/web/CController.php(265): CController->runActionWithFilters(Object(CViewAction), Array)
#5 /Users/coly/Sites/yii-1.1.13.e9e4a0/framework/web/CWebApplication.php(282): CController->run('page')
#6 /Users/coly/Sites/yii-1.1.13.e9e4a0/framework/web/CWebApplication.php(141): CWebApplication->runController('site/page')
#7 /Users/coly/Sites/yii-1.1.13.e9e4a0/framework/base/CApplication.php(169): CWebApplication->processRequest()
#8 /Users/coly/Sites/phponyii/index.php(13): CApplication->run()
#9 {main}
REQUEST_URI=/phponyii/index.php?r=site/page&view=deploy
HTTP_REFERER=http://127.0.0.1:1000/phponyii/index.php?r=site/page&view=download
---
2013/06/18 10:01:01 [error] [exception.CHttpException.404] exception 'CHttpException' with message 'Unable to resolve the request "https://github.com/colyii".' in /Users/coly/Sites/yii-1.1.13.e9e4a0/framework/web/CWebApplication.php:286
Stack trace:
#0 /Users/coly/Sites/yii-1.1.13.e9e4a0/framework/web/CWebApplication.php(141): CWebApplication->runController('https://github....')
#1 /Users/coly/Sites/yii-1.1.13.e9e4a0/framework/base/CApplication.php(169): CWebApplication->processRequest()
#2 /Users/coly/Sites/phponyii/index.php(13): CApplication->run()
#3 {main}
REQUEST_URI=/phponyii/index.php?r=https://github.com/colyii
HTTP_REFERER=http://127.0.0.1:1000/phponyii/index.php?r=site/page&view=deploy
---
2013/06/18 10:01:02 [error] [exception.CHttpException.404] exception 'CHttpException' with message 'The requested view "screencasts" was not found.' in /Users/coly/Sites/yii-1.1.13.e9e4a0/framework/web/actions/CViewAction.php:112
Stack trace:
#0 /Users/coly/Sites/yii-1.1.13.e9e4a0/framework/web/actions/CViewAction.php(123): CViewAction->resolveView('screencasts')
#1 /Users/coly/Sites/yii-1.1.13.e9e4a0/framework/web/actions/CAction.php(76): CViewAction->run()
#2 /Users/coly/Sites/yii-1.1.13.e9e4a0/framework/web/CController.php(308): CAction->runWithParams(Array)
#3 /Users/coly/Sites/yii-1.1.13.e9e4a0/framework/web/CController.php(286): CController->runAction(Object(CViewAction))
#4 /Users/coly/Sites/yii-1.1.13.e9e4a0/framework/web/CController.php(265): CController->runActionWithFilters(Object(CViewAction), Array)
#5 /Users/coly/Sites/yii-1.1.13.e9e4a0/framework/web/CWebApplication.php(282): CController->run('page')
#6 /Users/coly/Sites/yii-1.1.13.e9e4a0/framework/web/CWebApplication.php(141): CWebApplication->runController('site/page')
#7 /Users/coly/Sites/yii-1.1.13.e9e4a0/framework/base/CApplication.php(169): CWebApplication->processRequest()
#8 /Users/coly/Sites/phponyii/index.php(13): CApplication->run()
#9 {main}
REQUEST_URI=/phponyii/index.php?r=site/page&view=screencasts
HTTP_REFERER=http://127.0.0.1:1000/phponyii/index.php?r=https://github.com/colyii
---
2013/06/18 10:01:03 [error] [exception.CHttpException.404] exception 'CHttpException' with message 'Unable to resolve the request "https://github.com/colyii".' in /Users/coly/Sites/yii-1.1.13.e9e4a0/framework/web/CWebApplication.php:286
Stack trace:
#0 /Users/coly/Sites/yii-1.1.13.e9e4a0/framework/web/CWebApplication.php(141): CWebApplication->runController('https://github....')
#1 /Users/coly/Sites/yii-1.1.13.e9e4a0/framework/base/CApplication.php(169): CWebApplication->processRequest()
#2 /Users/coly/Sites/phponyii/index.php(13): CApplication->run()
#3 {main}
REQUEST_URI=/phponyii/index.php?r=https://github.com/colyii
HTTP_REFERER=http://127.0.0.1:1000/phponyii/index.php?r=site/page&view=screencasts
---
2013/06/18 10:01:10 [error] [exception.CHttpException.404] exception 'CHttpException' with message 'Unable to resolve the request "https://github.com/colyii".' in /Users/coly/Sites/yii-1.1.13.e9e4a0/framework/web/CWebApplication.php:286
Stack trace:
#0 /Users/coly/Sites/yii-1.1.13.e9e4a0/framework/web/CWebApplication.php(141): CWebApplication->runController('https://github....')
#1 /Users/coly/Sites/yii-1.1.13.e9e4a0/framework/base/CApplication.php(169): CWebApplication->processRequest()
#2 /Users/coly/Sites/phponyii/index.php(13): CApplication->run()
#3 {main}
REQUEST_URI=/phponyii/index.php?r=https://github.com/colyii
HTTP_REFERER=http://127.0.0.1:1000/phponyii/index.php?r=https://github.com/colyii
---
2013/06/18 10:01:11 [error] [exception.CHttpException.404] exception 'CHttpException' with message 'The requested view "screencasts" was not found.' in /Users/coly/Sites/yii-1.1.13.e9e4a0/framework/web/actions/CViewAction.php:112
Stack trace:
#0 /Users/coly/Sites/yii-1.1.13.e9e4a0/framework/web/actions/CViewAction.php(123): CViewAction->resolveView('screencasts')
#1 /Users/coly/Sites/yii-1.1.13.e9e4a0/framework/web/actions/CAction.php(76): CViewAction->run()
#2 /Users/coly/Sites/yii-1.1.13.e9e4a0/framework/web/CController.php(308): CAction->runWithParams(Array)
#3 /Users/coly/Sites/yii-1.1.13.e9e4a0/framework/web/CController.php(286): CController->runAction(Object(CViewAction))
#4 /Users/coly/Sites/yii-1.1.13.e9e4a0/framework/web/CController.php(265): CController->runActionWithFilters(Object(CViewAction), Array)
#5 /Users/coly/Sites/yii-1.1.13.e9e4a0/framework/web/CWebApplication.php(282): CController->run('page')
#6 /Users/coly/Sites/yii-1.1.13.e9e4a0/framework/web/CWebApplication.php(141): CWebApplication->runController('site/page')
#7 /Users/coly/Sites/yii-1.1.13.e9e4a0/framework/base/CApplication.php(169): CWebApplication->processRequest()
#8 /Users/coly/Sites/phponyii/index.php(13): CApplication->run()
#9 {main}
REQUEST_URI=/phponyii/index.php?r=site/page&view=screencasts
HTTP_REFERER=http://127.0.0.1:1000/phponyii/index.php?r=https://github.com/colyii
---
2013/06/18 10:01:12 [error] [exception.CHttpException.404] exception 'CHttpException' with message 'The requested view "documentation" was not found.' in /Users/coly/Sites/yii-1.1.13.e9e4a0/framework/web/actions/CViewAction.php:112
Stack trace:
#0 /Users/coly/Sites/yii-1.1.13.e9e4a0/framework/web/actions/CViewAction.php(123): CViewAction->resolveView('documentation')
#1 /Users/coly/Sites/yii-1.1.13.e9e4a0/framework/web/actions/CAction.php(76): CViewAction->run()
#2 /Users/coly/Sites/yii-1.1.13.e9e4a0/framework/web/CController.php(308): CAction->runWithParams(Array)
#3 /Users/coly/Sites/yii-1.1.13.e9e4a0/framework/web/CController.php(286): CController->runAction(Object(CViewAction))
#4 /Users/coly/Sites/yii-1.1.13.e9e4a0/framework/web/CController.php(265): CController->runActionWithFilters(Object(CViewAction), Array)
#5 /Users/coly/Sites/yii-1.1.13.e9e4a0/framework/web/CWebApplication.php(282): CController->run('page')
#6 /Users/coly/Sites/yii-1.1.13.e9e4a0/framework/web/CWebApplication.php(141): CWebApplication->runController('site/page')
#7 /Users/coly/Sites/yii-1.1.13.e9e4a0/framework/base/CApplication.php(169): CWebApplication->processRequest()
#8 /Users/coly/Sites/phponyii/index.php(13): CApplication->run()
#9 {main}
REQUEST_URI=/phponyii/index.php?r=site/page&view=documentation
HTTP_REFERER=http://127.0.0.1:1000/phponyii/index.php?r=site/page&view=screencasts
---
2013/06/18 10:01:12 [error] [exception.CHttpException.404] exception 'CHttpException' with message 'The requested view "ecosystem" was not found.' in /Users/coly/Sites/yii-1.1.13.e9e4a0/framework/web/actions/CViewAction.php:112
Stack trace:
#0 /Users/coly/Sites/yii-1.1.13.e9e4a0/framework/web/actions/CViewAction.php(123): CViewAction->resolveView('ecosystem')
#1 /Users/coly/Sites/yii-1.1.13.e9e4a0/framework/web/actions/CAction.php(76): CViewAction->run()
#2 /Users/coly/Sites/yii-1.1.13.e9e4a0/framework/web/CController.php(308): CAction->runWithParams(Array)
#3 /Users/coly/Sites/yii-1.1.13.e9e4a0/framework/web/CController.php(286): CController->runAction(Object(CViewAction))
#4 /Users/coly/Sites/yii-1.1.13.e9e4a0/framework/web/CController.php(265): CController->runActionWithFilters(Object(CViewAction), Array)
#5 /Users/coly/Sites/yii-1.1.13.e9e4a0/framework/web/CWebApplication.php(282): CController->run('page')
#6 /Users/coly/Sites/yii-1.1.13.e9e4a0/framework/web/CWebApplication.php(141): CWebApplication->runController('site/page')
#7 /Users/coly/Sites/yii-1.1.13.e9e4a0/framework/base/CApplication.php(169): CWebApplication->processRequest()
#8 /Users/coly/Sites/phponyii/index.php(13): CApplication->run()
#9 {main}
REQUEST_URI=/phponyii/index.php?r=site/page&view=ecosystem
HTTP_REFERER=http://127.0.0.1:1000/phponyii/index.php?r=site/page&view=documentation
---
2013/06/18 10:01:13 [error] [exception.CHttpException.404] exception 'CHttpException' with message 'Unable to resolve the request "post/index".' in /Users/coly/Sites/yii-1.1.13.e9e4a0/framework/web/CWebApplication.php:286
Stack trace:
#0 /Users/coly/Sites/yii-1.1.13.e9e4a0/framework/web/CWebApplication.php(141): CWebApplication->runController('post/index')
#1 /Users/coly/Sites/yii-1.1.13.e9e4a0/framework/base/CApplication.php(169): CWebApplication->processRequest()
#2 /Users/coly/Sites/phponyii/index.php(13): CApplication->run()
#3 {main}
REQUEST_URI=/phponyii/index.php?r=post/index
HTTP_REFERER=http://127.0.0.1:1000/phponyii/index.php?r=site/page&view=ecosystem
---
2013/06/18 10:04:01 [error] [exception.CHttpException.404] exception 'CHttpException' with message 'The requested view "download" was not found.' in /Users/coly/Sites/yii-1.1.13.e9e4a0/framework/web/actions/CViewAction.php:112
Stack trace:
#0 /Users/coly/Sites/yii-1.1.13.e9e4a0/framework/web/actions/CViewAction.php(123): CViewAction->resolveView('download')
#1 /Users/coly/Sites/yii-1.1.13.e9e4a0/framework/web/actions/CAction.php(76): CViewAction->run()
#2 /Users/coly/Sites/yii-1.1.13.e9e4a0/framework/web/CController.php(308): CAction->runWithParams(Array)
#3 /Users/coly/Sites/yii-1.1.13.e9e4a0/framework/web/CController.php(286): CController->runAction(Object(CViewAction))
#4 /Users/coly/Sites/yii-1.1.13.e9e4a0/framework/web/CController.php(265): CController->runActionWithFilters(Object(CViewAction), Array)
#5 /Users/coly/Sites/yii-1.1.13.e9e4a0/framework/web/CWebApplication.php(282): CController->run('page')
#6 /Users/coly/Sites/yii-1.1.13.e9e4a0/framework/web/CWebApplication.php(141): CWebApplication->runController('site/page')
#7 /Users/coly/Sites/yii-1.1.13.e9e4a0/framework/base/CApplication.php(169): CWebApplication->processRequest()
#8 /Users/coly/Sites/phponyii/index.php(13): CApplication->run()
#9 {main}
REQUEST_URI=/phponyii/index.php?r=site/page&view=download
HTTP_REFERER=http://127.0.0.1:1000/phponyii/index.php?r=site/index
---
2013/06/18 10:04:03 [error] [exception.CHttpException.404] exception 'CHttpException' with message 'The requested view "deploy" was not found.' in /Users/coly/Sites/yii-1.1.13.e9e4a0/framework/web/actions/CViewAction.php:112
Stack trace:
#0 /Users/coly/Sites/yii-1.1.13.e9e4a0/framework/web/actions/CViewAction.php(123): CViewAction->resolveView('deploy')
#1 /Users/coly/Sites/yii-1.1.13.e9e4a0/framework/web/actions/CAction.php(76): CViewAction->run()
#2 /Users/coly/Sites/yii-1.1.13.e9e4a0/framework/web/CController.php(308): CAction->runWithParams(Array)
#3 /Users/coly/Sites/yii-1.1.13.e9e4a0/framework/web/CController.php(286): CController->runAction(Object(CViewAction))
#4 /Users/coly/Sites/yii-1.1.13.e9e4a0/framework/web/CController.php(265): CController->runActionWithFilters(Object(CViewAction), Array)
#5 /Users/coly/Sites/yii-1.1.13.e9e4a0/framework/web/CWebApplication.php(282): CController->run('page')
#6 /Users/coly/Sites/yii-1.1.13.e9e4a0/framework/web/CWebApplication.php(141): CWebApplication->runController('site/page')
#7 /Users/coly/Sites/yii-1.1.13.e9e4a0/framework/base/CApplication.php(169): CWebApplication->processRequest()
#8 /Users/coly/Sites/phponyii/index.php(13): CApplication->run()
#9 {main}
REQUEST_URI=/phponyii/index.php?r=site/page&view=deploy
HTTP_REFERER=http://127.0.0.1:1000/phponyii/index.php?r=site/page&view=download
---
2013/06/18 10:04:03 [error] [exception.CHttpException.404] exception 'CHttpException' with message 'Unable to resolve the request "https://github.com/colyii".' in /Users/coly/Sites/yii-1.1.13.e9e4a0/framework/web/CWebApplication.php:286
Stack trace:
#0 /Users/coly/Sites/yii-1.1.13.e9e4a0/framework/web/CWebApplication.php(141): CWebApplication->runController('https://github....')
#1 /Users/coly/Sites/yii-1.1.13.e9e4a0/framework/base/CApplication.php(169): CWebApplication->processRequest()
#2 /Users/coly/Sites/phponyii/index.php(13): CApplication->run()
#3 {main}
REQUEST_URI=/phponyii/index.php?r=https://github.com/colyii
HTTP_REFERER=http://127.0.0.1:1000/phponyii/index.php?r=site/page&view=deploy
---
2013/06/18 10:04:04 [error] [exception.CHttpException.404] exception 'CHttpException' with message 'The requested view "screencasts" was not found.' in /Users/coly/Sites/yii-1.1.13.e9e4a0/framework/web/actions/CViewAction.php:112
Stack trace:
#0 /Users/coly/Sites/yii-1.1.13.e9e4a0/framework/web/actions/CViewAction.php(123): CViewAction->resolveView('screencasts')
#1 /Users/coly/Sites/yii-1.1.13.e9e4a0/framework/web/actions/CAction.php(76): CViewAction->run()
#2 /Users/coly/Sites/yii-1.1.13.e9e4a0/framework/web/CController.php(308): CAction->runWithParams(Array)
#3 /Users/coly/Sites/yii-1.1.13.e9e4a0/framework/web/CController.php(286): CController->runAction(Object(CViewAction))
#4 /Users/coly/Sites/yii-1.1.13.e9e4a0/framework/web/CController.php(265): CController->runActionWithFilters(Object(CViewAction), Array)
#5 /Users/coly/Sites/yii-1.1.13.e9e4a0/framework/web/CWebApplication.php(282): CController->run('page')
#6 /Users/coly/Sites/yii-1.1.13.e9e4a0/framework/web/CWebApplication.php(141): CWebApplication->runController('site/page')
#7 /Users/coly/Sites/yii-1.1.13.e9e4a0/framework/base/CApplication.php(169): CWebApplication->processRequest()
#8 /Users/coly/Sites/phponyii/index.php(13): CApplication->run()
#9 {main}
REQUEST_URI=/phponyii/index.php?r=site/page&view=screencasts
HTTP_REFERER=http://127.0.0.1:1000/phponyii/index.php?r=https://github.com/colyii
---
2013/06/18 10:04:04 [error] [exception.CHttpException.404] exception 'CHttpException' with message 'The requested view "documentation" was not found.' in /Users/coly/Sites/yii-1.1.13.e9e4a0/framework/web/actions/CViewAction.php:112
Stack trace:
#0 /Users/coly/Sites/yii-1.1.13.e9e4a0/framework/web/actions/CViewAction.php(123): CViewAction->resolveView('documentation')
#1 /Users/coly/Sites/yii-1.1.13.e9e4a0/framework/web/actions/CAction.php(76): CViewAction->run()
#2 /Users/coly/Sites/yii-1.1.13.e9e4a0/framework/web/CController.php(308): CAction->runWithParams(Array)
#3 /Users/coly/Sites/yii-1.1.13.e9e4a0/framework/web/CController.php(286): CController->runAction(Object(CViewAction))
#4 /Users/coly/Sites/yii-1.1.13.e9e4a0/framework/web/CController.php(265): CController->runActionWithFilters(Object(CViewAction), Array)
#5 /Users/coly/Sites/yii-1.1.13.e9e4a0/framework/web/CWebApplication.php(282): CController->run('page')
#6 /Users/coly/Sites/yii-1.1.13.e9e4a0/framework/web/CWebApplication.php(141): CWebApplication->runController('site/page')
#7 /Users/coly/Sites/yii-1.1.13.e9e4a0/framework/base/CApplication.php(169): CWebApplication->processRequest()
#8 /Users/coly/Sites/phponyii/index.php(13): CApplication->run()
#9 {main}
REQUEST_URI=/phponyii/index.php?r=site/page&view=documentation
HTTP_REFERER=http://127.0.0.1:1000/phponyii/index.php?r=site/page&view=screencasts
---
2013/06/18 10:04:05 [error] [exception.CHttpException.404] exception 'CHttpException' with message 'The requested view "ecosystem" was not found.' in /Users/coly/Sites/yii-1.1.13.e9e4a0/framework/web/actions/CViewAction.php:112
Stack trace:
#0 /Users/coly/Sites/yii-1.1.13.e9e4a0/framework/web/actions/CViewAction.php(123): CViewAction->resolveView('ecosystem')
#1 /Users/coly/Sites/yii-1.1.13.e9e4a0/framework/web/actions/CAction.php(76): CViewAction->run()
#2 /Users/coly/Sites/yii-1.1.13.e9e4a0/framework/web/CController.php(308): CAction->runWithParams(Array)
#3 /Users/coly/Sites/yii-1.1.13.e9e4a0/framework/web/CController.php(286): CController->runAction(Object(CViewAction))
#4 /Users/coly/Sites/yii-1.1.13.e9e4a0/framework/web/CController.php(265): CController->runActionWithFilters(Object(CViewAction), Array)
#5 /Users/coly/Sites/yii-1.1.13.e9e4a0/framework/web/CWebApplication.php(282): CController->run('page')
#6 /Users/coly/Sites/yii-1.1.13.e9e4a0/framework/web/CWebApplication.php(141): CWebApplication->runController('site/page')
#7 /Users/coly/Sites/yii-1.1.13.e9e4a0/framework/base/CApplication.php(169): CWebApplication->processRequest()
#8 /Users/coly/Sites/phponyii/index.php(13): CApplication->run()
#9 {main}
REQUEST_URI=/phponyii/index.php?r=site/page&view=ecosystem
HTTP_REFERER=http://127.0.0.1:1000/phponyii/index.php?r=site/page&view=documentation
---
2013/06/18 10:08:22 [error] [exception.CHttpException.404] exception 'CHttpException' with message 'The requested view "download" was not found.' in /Users/coly/Sites/yii-1.1.13.e9e4a0/framework/web/actions/CViewAction.php:112
Stack trace:
#0 /Users/coly/Sites/yii-1.1.13.e9e4a0/framework/web/actions/CViewAction.php(123): CViewAction->resolveView('download')
#1 /Users/coly/Sites/yii-1.1.13.e9e4a0/framework/web/actions/CAction.php(76): CViewAction->run()
#2 /Users/coly/Sites/yii-1.1.13.e9e4a0/framework/web/CController.php(308): CAction->runWithParams(Array)
#3 /Users/coly/Sites/yii-1.1.13.e9e4a0/framework/web/CController.php(286): CController->runAction(Object(CViewAction))
#4 /Users/coly/Sites/yii-1.1.13.e9e4a0/framework/web/CController.php(265): CController->runActionWithFilters(Object(CViewAction), Array)
#5 /Users/coly/Sites/yii-1.1.13.e9e4a0/framework/web/CWebApplication.php(282): CController->run('page')
#6 /Users/coly/Sites/yii-1.1.13.e9e4a0/framework/web/CWebApplication.php(141): CWebApplication->runController('site/page')
#7 /Users/coly/Sites/yii-1.1.13.e9e4a0/framework/base/CApplication.php(169): CWebApplication->processRequest()
#8 /Users/coly/Sites/phponyii/index.php(13): CApplication->run()
#9 {main}
REQUEST_URI=/phponyii/index.php?r=site/page&view=download
HTTP_REFERER=http://127.0.0.1:1000/phponyii/index.php?r=site/index
---
2013/06/18 10:08:22 [error] [exception.CHttpException.404] exception 'CHttpException' with message 'The requested view "deploy" was not found.' in /Users/coly/Sites/yii-1.1.13.e9e4a0/framework/web/actions/CViewAction.php:112
Stack trace:
#0 /Users/coly/Sites/yii-1.1.13.e9e4a0/framework/web/actions/CViewAction.php(123): CViewAction->resolveView('deploy')
#1 /Users/coly/Sites/yii-1.1.13.e9e4a0/framework/web/actions/CAction.php(76): CViewAction->run()
#2 /Users/coly/Sites/yii-1.1.13.e9e4a0/framework/web/CController.php(308): CAction->runWithParams(Array)
#3 /Users/coly/Sites/yii-1.1.13.e9e4a0/framework/web/CController.php(286): CController->runAction(Object(CViewAction))
#4 /Users/coly/Sites/yii-1.1.13.e9e4a0/framework/web/CController.php(265): CController->runActionWithFilters(Object(CViewAction), Array)
#5 /Users/coly/Sites/yii-1.1.13.e9e4a0/framework/web/CWebApplication.php(282): CController->run('page')
#6 /Users/coly/Sites/yii-1.1.13.e9e4a0/framework/web/CWebApplication.php(141): CWebApplication->runController('site/page')
#7 /Users/coly/Sites/yii-1.1.13.e9e4a0/framework/base/CApplication.php(169): CWebApplication->processRequest()
#8 /Users/coly/Sites/phponyii/index.php(13): CApplication->run()
#9 {main}
REQUEST_URI=/phponyii/index.php?r=site/page&view=deploy
HTTP_REFERER=http://127.0.0.1:1000/phponyii/index.php?r=site/page&view=download
---
2013/06/18 10:08:23 [error] [exception.CHttpException.404] exception 'CHttpException' with message 'Unable to resolve the request "https://github.com/colyii".' in /Users/coly/Sites/yii-1.1.13.e9e4a0/framework/web/CWebApplication.php:286
Stack trace:
#0 /Users/coly/Sites/yii-1.1.13.e9e4a0/framework/web/CWebApplication.php(141): CWebApplication->runController('https://github....')
#1 /Users/coly/Sites/yii-1.1.13.e9e4a0/framework/base/CApplication.php(169): CWebApplication->processRequest()
#2 /Users/coly/Sites/phponyii/index.php(13): CApplication->run()
#3 {main}
REQUEST_URI=/phponyii/index.php?r=https://github.com/colyii
HTTP_REFERER=http://127.0.0.1:1000/phponyii/index.php?r=site/page&view=deploy
---
2013/06/18 10:08:24 [error] [exception.CHttpException.404] exception 'CHttpException' with message 'The requested view "screencasts" was not found.' in /Users/coly/Sites/yii-1.1.13.e9e4a0/framework/web/actions/CViewAction.php:112
Stack trace:
#0 /Users/coly/Sites/yii-1.1.13.e9e4a0/framework/web/actions/CViewAction.php(123): CViewAction->resolveView('screencasts')
#1 /Users/coly/Sites/yii-1.1.13.e9e4a0/framework/web/actions/CAction.php(76): CViewAction->run()
#2 /Users/coly/Sites/yii-1.1.13.e9e4a0/framework/web/CController.php(308): CAction->runWithParams(Array)
#3 /Users/coly/Sites/yii-1.1.13.e9e4a0/framework/web/CController.php(286): CController->runAction(Object(CViewAction))
#4 /Users/coly/Sites/yii-1.1.13.e9e4a0/framework/web/CController.php(265): CController->runActionWithFilters(Object(CViewAction), Array)
#5 /Users/coly/Sites/yii-1.1.13.e9e4a0/framework/web/CWebApplication.php(282): CController->run('page')
#6 /Users/coly/Sites/yii-1.1.13.e9e4a0/framework/web/CWebApplication.php(141): CWebApplication->runController('site/page')
#7 /Users/coly/Sites/yii-1.1.13.e9e4a0/framework/base/CApplication.php(169): CWebApplication->processRequest()
#8 /Users/coly/Sites/phponyii/index.php(13): CApplication->run()
#9 {main}
REQUEST_URI=/phponyii/index.php?r=site/page&view=screencasts
HTTP_REFERER=http://127.0.0.1:1000/phponyii/index.php?r=https://github.com/colyii
---
2013/06/18 10:08:25 [error] [exception.CHttpException.404] exception 'CHttpException' with message 'The requested view "documentation" was not found.' in /Users/coly/Sites/yii-1.1.13.e9e4a0/framework/web/actions/CViewAction.php:112
Stack trace:
#0 /Users/coly/Sites/yii-1.1.13.e9e4a0/framework/web/actions/CViewAction.php(123): CViewAction->resolveView('documentation')
#1 /Users/coly/Sites/yii-1.1.13.e9e4a0/framework/web/actions/CAction.php(76): CViewAction->run()
#2 /Users/coly/Sites/yii-1.1.13.e9e4a0/framework/web/CController.php(308): CAction->runWithParams(Array)
#3 /Users/coly/Sites/yii-1.1.13.e9e4a0/framework/web/CController.php(286): CController->runAction(Object(CViewAction))
#4 /Users/coly/Sites/yii-1.1.13.e9e4a0/framework/web/CController.php(265): CController->runActionWithFilters(Object(CViewAction), Array)
#5 /Users/coly/Sites/yii-1.1.13.e9e4a0/framework/web/CWebApplication.php(282): CController->run('page')
#6 /Users/coly/Sites/yii-1.1.13.e9e4a0/framework/web/CWebApplication.php(141): CWebApplication->runController('site/page')
#7 /Users/coly/Sites/yii-1.1.13.e9e4a0/framework/base/CApplication.php(169): CWebApplication->processRequest()
#8 /Users/coly/Sites/phponyii/index.php(13): CApplication->run()
#9 {main}
REQUEST_URI=/phponyii/index.php?r=site/page&view=documentation
HTTP_REFERER=http://127.0.0.1:1000/phponyii/index.php?r=site/page&view=screencasts
---
2013/06/18 10:08:25 [error] [exception.CHttpException.404] exception 'CHttpException' with message 'The requested view "ecosystem" was not found.' in /Users/coly/Sites/yii-1.1.13.e9e4a0/framework/web/actions/CViewAction.php:112
Stack trace:
#0 /Users/coly/Sites/yii-1.1.13.e9e4a0/framework/web/actions/CViewAction.php(123): CViewAction->resolveView('ecosystem')
#1 /Users/coly/Sites/yii-1.1.13.e9e4a0/framework/web/actions/CAction.php(76): CViewAction->run()
#2 /Users/coly/Sites/yii-1.1.13.e9e4a0/framework/web/CController.php(308): CAction->runWithParams(Array)
#3 /Users/coly/Sites/yii-1.1.13.e9e4a0/framework/web/CController.php(286): CController->runAction(Object(CViewAction))
#4 /Users/coly/Sites/yii-1.1.13.e9e4a0/framework/web/CController.php(265): CController->runActionWithFilters(Object(CViewAction), Array)
#5 /Users/coly/Sites/yii-1.1.13.e9e4a0/framework/web/CWebApplication.php(282): CController->run('page')
#6 /Users/coly/Sites/yii-1.1.13.e9e4a0/framework/web/CWebApplication.php(141): CWebApplication->runController('site/page')
#7 /Users/coly/Sites/yii-1.1.13.e9e4a0/framework/base/CApplication.php(169): CWebApplication->processRequest()
#8 /Users/coly/Sites/phponyii/index.php(13): CApplication->run()
#9 {main}
REQUEST_URI=/phponyii/index.php?r=site/page&view=ecosystem
HTTP_REFERER=http://127.0.0.1:1000/phponyii/index.php?r=site/page&view=documentation
---
2013/06/18 10:08:26 [error] [exception.CHttpException.404] exception 'CHttpException' with message 'Unable to resolve the request "post/index".' in /Users/coly/Sites/yii-1.1.13.e9e4a0/framework/web/CWebApplication.php:286
Stack trace:
#0 /Users/coly/Sites/yii-1.1.13.e9e4a0/framework/web/CWebApplication.php(141): CWebApplication->runController('post/index')
#1 /Users/coly/Sites/yii-1.1.13.e9e4a0/framework/base/CApplication.php(169): CWebApplication->processRequest()
#2 /Users/coly/Sites/phponyii/index.php(13): CApplication->run()
#3 {main}
REQUEST_URI=/phponyii/index.php?r=post/index
HTTP_REFERER=http://127.0.0.1:1000/phponyii/index.php?r=site/page&view=ecosystem
---
2013/06/18 10:08:27 [error] [exception.CHttpException.404] exception 'CHttpException' with message 'The requested view "ecosystem" was not found.' in /Users/coly/Sites/yii-1.1.13.e9e4a0/framework/web/actions/CViewAction.php:112
Stack trace:
#0 /Users/coly/Sites/yii-1.1.13.e9e4a0/framework/web/actions/CViewAction.php(123): CViewAction->resolveView('ecosystem')
#1 /Users/coly/Sites/yii-1.1.13.e9e4a0/framework/web/actions/CAction.php(76): CViewAction->run()
#2 /Users/coly/Sites/yii-1.1.13.e9e4a0/framework/web/CController.php(308): CAction->runWithParams(Array)
#3 /Users/coly/Sites/yii-1.1.13.e9e4a0/framework/web/CController.php(286): CController->runAction(Object(CViewAction))
#4 /Users/coly/Sites/yii-1.1.13.e9e4a0/framework/web/CController.php(265): CController->runActionWithFilters(Object(CViewAction), Array)
#5 /Users/coly/Sites/yii-1.1.13.e9e4a0/framework/web/CWebApplication.php(282): CController->run('page')
#6 /Users/coly/Sites/yii-1.1.13.e9e4a0/framework/web/CWebApplication.php(141): CWebApplication->runController('site/page')
#7 /Users/coly/Sites/yii-1.1.13.e9e4a0/framework/base/CApplication.php(169): CWebApplication->processRequest()
#8 /Users/coly/Sites/phponyii/index.php(13): CApplication->run()
#9 {main}
REQUEST_URI=/phponyii/index.php?r=site/page&view=ecosystem
HTTP_REFERER=http://127.0.0.1:1000/phponyii/index.php?r=post/index
---
2013/06/18 10:08:28 [error] [exception.CHttpException.404] exception 'CHttpException' with message 'The requested view "documentation" was not found.' in /Users/coly/Sites/yii-1.1.13.e9e4a0/framework/web/actions/CViewAction.php:112
Stack trace:
#0 /Users/coly/Sites/yii-1.1.13.e9e4a0/framework/web/actions/CViewAction.php(123): CViewAction->resolveView('documentation')
#1 /Users/coly/Sites/yii-1.1.13.e9e4a0/framework/web/actions/CAction.php(76): CViewAction->run()
#2 /Users/coly/Sites/yii-1.1.13.e9e4a0/framework/web/CController.php(308): CAction->runWithParams(Array)
#3 /Users/coly/Sites/yii-1.1.13.e9e4a0/framework/web/CController.php(286): CController->runAction(Object(CViewAction))
#4 /Users/coly/Sites/yii-1.1.13.e9e4a0/framework/web/CController.php(265): CController->runActionWithFilters(Object(CViewAction), Array)
#5 /Users/coly/Sites/yii-1.1.13.e9e4a0/framework/web/CWebApplication.php(282): CController->run('page')
#6 /Users/coly/Sites/yii-1.1.13.e9e4a0/framework/web/CWebApplication.php(141): CWebApplication->runController('site/page')
#7 /Users/coly/Sites/yii-1.1.13.e9e4a0/framework/base/CApplication.php(169): CWebApplication->processRequest()
#8 /Users/coly/Sites/phponyii/index.php(13): CApplication->run()
#9 {main}
REQUEST_URI=/phponyii/index.php?r=site/page&view=documentation
HTTP_REFERER=http://127.0.0.1:1000/phponyii/index.php?r=site/page&view=ecosystem
---
2013/06/18 10:08:29 [error] [exception.CHttpException.404] exception 'CHttpException' with message 'The requested view "documentation" was not found.' in /Users/coly/Sites/yii-1.1.13.e9e4a0/framework/web/actions/CViewAction.php:112
Stack trace:
#0 /Users/coly/Sites/yii-1.1.13.e9e4a0/framework/web/actions/CViewAction.php(123): CViewAction->resolveView('documentation')
#1 /Users/coly/Sites/yii-1.1.13.e9e4a0/framework/web/actions/CAction.php(76): CViewAction->run()
#2 /Users/coly/Sites/yii-1.1.13.e9e4a0/framework/web/CController.php(308): CAction->runWithParams(Array)
#3 /Users/coly/Sites/yii-1.1.13.e9e4a0/framework/web/CController.php(286): CController->runAction(Object(CViewAction))
#4 /Users/coly/Sites/yii-1.1.13.e9e4a0/framework/web/CController.php(265): CController->runActionWithFilters(Object(CViewAction), Array)
#5 /Users/coly/Sites/yii-1.1.13.e9e4a0/framework/web/CWebApplication.php(282): CController->run('page')
#6 /Users/coly/Sites/yii-1.1.13.e9e4a0/framework/web/CWebApplication.php(141): CWebApplication->runController('site/page')
#7 /Users/coly/Sites/yii-1.1.13.e9e4a0/framework/base/CApplication.php(169): CWebApplication->processRequest()
#8 /Users/coly/Sites/phponyii/index.php(13): CApplication->run()
#9 {main}
REQUEST_URI=/phponyii/index.php?r=site/page&view=documentation
HTTP_REFERER=http://127.0.0.1:1000/phponyii/index.php?r=site/page&view=documentation
---
2013/06/18 10:08:29 [error] [exception.CHttpException.404] exception 'CHttpException' with message 'The requested view "screencasts" was not found.' in /Users/coly/Sites/yii-1.1.13.e9e4a0/framework/web/actions/CViewAction.php:112
Stack trace:
#0 /Users/coly/Sites/yii-1.1.13.e9e4a0/framework/web/actions/CViewAction.php(123): CViewAction->resolveView('screencasts')
#1 /Users/coly/Sites/yii-1.1.13.e9e4a0/framework/web/actions/CAction.php(76): CViewAction->run()
#2 /Users/coly/Sites/yii-1.1.13.e9e4a0/framework/web/CController.php(308): CAction->runWithParams(Array)
#3 /Users/coly/Sites/yii-1.1.13.e9e4a0/framework/web/CController.php(286): CController->runAction(Object(CViewAction))
#4 /Users/coly/Sites/yii-1.1.13.e9e4a0/framework/web/CController.php(265): CController->runActionWithFilters(Object(CViewAction), Array)
#5 /Users/coly/Sites/yii-1.1.13.e9e4a0/framework/web/CWebApplication.php(282): CController->run('page')
#6 /Users/coly/Sites/yii-1.1.13.e9e4a0/framework/web/CWebApplication.php(141): CWebApplication->runController('site/page')
#7 /Users/coly/Sites/yii-1.1.13.e9e4a0/framework/base/CApplication.php(169): CWebApplication->processRequest()
#8 /Users/coly/Sites/phponyii/index.php(13): CApplication->run()
#9 {main}
REQUEST_URI=/phponyii/index.php?r=site/page&view=screencasts
HTTP_REFERER=http://127.0.0.1:1000/phponyii/index.php?r=site/page&view=documentation
---
2013/06/18 10:08:30 [error] [exception.CHttpException.404] exception 'CHttpException' with message 'Unable to resolve the request "https://github.com/colyii".' in /Users/coly/Sites/yii-1.1.13.e9e4a0/framework/web/CWebApplication.php:286
Stack trace:
#0 /Users/coly/Sites/yii-1.1.13.e9e4a0/framework/web/CWebApplication.php(141): CWebApplication->runController('https://github....')
#1 /Users/coly/Sites/yii-1.1.13.e9e4a0/framework/base/CApplication.php(169): CWebApplication->processRequest()
#2 /Users/coly/Sites/phponyii/index.php(13): CApplication->run()
#3 {main}
REQUEST_URI=/phponyii/index.php?r=https://github.com/colyii
HTTP_REFERER=http://127.0.0.1:1000/phponyii/index.php?r=site/page&view=screencasts
---
2013/06/18 10:08:30 [error] [exception.CHttpException.404] exception 'CHttpException' with message 'Unable to resolve the request "https://github.com/colyii".' in /Users/coly/Sites/yii-1.1.13.e9e4a0/framework/web/CWebApplication.php:286
Stack trace:
#0 /Users/coly/Sites/yii-1.1.13.e9e4a0/framework/web/CWebApplication.php(141): CWebApplication->runController('https://github....')
#1 /Users/coly/Sites/yii-1.1.13.e9e4a0/framework/base/CApplication.php(169): CWebApplication->processRequest()
#2 /Users/coly/Sites/phponyii/index.php(13): CApplication->run()
#3 {main}
REQUEST_URI=/phponyii/index.php?r=https://github.com/colyii
HTTP_REFERER=http://127.0.0.1:1000/phponyii/index.php?r=https://github.com/colyii
---
2013/06/18 10:08:31 [error] [exception.CHttpException.404] exception 'CHttpException' with message 'The requested view "deploy" was not found.' in /Users/coly/Sites/yii-1.1.13.e9e4a0/framework/web/actions/CViewAction.php:112
Stack trace:
#0 /Users/coly/Sites/yii-1.1.13.e9e4a0/framework/web/actions/CViewAction.php(123): CViewAction->resolveView('deploy')
#1 /Users/coly/Sites/yii-1.1.13.e9e4a0/framework/web/actions/CAction.php(76): CViewAction->run()
#2 /Users/coly/Sites/yii-1.1.13.e9e4a0/framework/web/CController.php(308): CAction->runWithParams(Array)
#3 /Users/coly/Sites/yii-1.1.13.e9e4a0/framework/web/CController.php(286): CController->runAction(Object(CViewAction))
#4 /Users/coly/Sites/yii-1.1.13.e9e4a0/framework/web/CController.php(265): CController->runActionWithFilters(Object(CViewAction), Array)
#5 /Users/coly/Sites/yii-1.1.13.e9e4a0/framework/web/CWebApplication.php(282): CController->run('page')
#6 /Users/coly/Sites/yii-1.1.13.e9e4a0/framework/web/CWebApplication.php(141): CWebApplication->runController('site/page')
#7 /Users/coly/Sites/yii-1.1.13.e9e4a0/framework/base/CApplication.php(169): CWebApplication->processRequest()
#8 /Users/coly/Sites/phponyii/index.php(13): CApplication->run()
#9 {main}
REQUEST_URI=/phponyii/index.php?r=site/page&view=deploy
HTTP_REFERER=http://127.0.0.1:1000/phponyii/index.php?r=https://github.com/colyii
---
2013/06/18 10:08:32 [error] [exception.CHttpException.404] exception 'CHttpException' with message 'The requested view "download" was not found.' in /Users/coly/Sites/yii-1.1.13.e9e4a0/framework/web/actions/CViewAction.php:112
Stack trace:
#0 /Users/coly/Sites/yii-1.1.13.e9e4a0/framework/web/actions/CViewAction.php(123): CViewAction->resolveView('download')
#1 /Users/coly/Sites/yii-1.1.13.e9e4a0/framework/web/actions/CAction.php(76): CViewAction->run()
#2 /Users/coly/Sites/yii-1.1.13.e9e4a0/framework/web/CController.php(308): CAction->runWithParams(Array)
#3 /Users/coly/Sites/yii-1.1.13.e9e4a0/framework/web/CController.php(286): CController->runAction(Object(CViewAction))
#4 /Users/coly/Sites/yii-1.1.13.e9e4a0/framework/web/CController.php(265): CController->runActionWithFilters(Object(CViewAction), Array)
#5 /Users/coly/Sites/yii-1.1.13.e9e4a0/framework/web/CWebApplication.php(282): CController->run('page')
#6 /Users/coly/Sites/yii-1.1.13.e9e4a0/framework/web/CWebApplication.php(141): CWebApplication->runController('site/page')
#7 /Users/coly/Sites/yii-1.1.13.e9e4a0/framework/base/CApplication.php(169): CWebApplication->processRequest()
#8 /Users/coly/Sites/phponyii/index.php(13): CApplication->run()
#9 {main}
REQUEST_URI=/phponyii/index.php?r=site/page&view=download
HTTP_REFERER=http://127.0.0.1:1000/phponyii/index.php?r=site/page&view=deploy
---
2013/06/18 10:08:38 [error] [exception.CHttpException.404] exception 'CHttpException' with message 'The requested view "download" was not found.' in /Users/coly/Sites/yii-1.1.13.e9e4a0/framework/web/actions/CViewAction.php:112
Stack trace:
#0 /Users/coly/Sites/yii-1.1.13.e9e4a0/framework/web/actions/CViewAction.php(123): CViewAction->resolveView('download')
#1 /Users/coly/Sites/yii-1.1.13.e9e4a0/framework/web/actions/CAction.php(76): CViewAction->run()
#2 /Users/coly/Sites/yii-1.1.13.e9e4a0/framework/web/CController.php(308): CAction->runWithParams(Array)
#3 /Users/coly/Sites/yii-1.1.13.e9e4a0/framework/web/CController.php(286): CController->runAction(Object(CViewAction))
#4 /Users/coly/Sites/yii-1.1.13.e9e4a0/framework/web/CController.php(265): CController->runActionWithFilters(Object(CViewAction), Array)
#5 /Users/coly/Sites/yii-1.1.13.e9e4a0/framework/web/CWebApplication.php(282): CController->run('page')
#6 /Users/coly/Sites/yii-1.1.13.e9e4a0/framework/web/CWebApplication.php(141): CWebApplication->runController('site/page')
#7 /Users/coly/Sites/yii-1.1.13.e9e4a0/framework/base/CApplication.php(169): CWebApplication->processRequest()
#8 /Users/coly/Sites/phponyii/index.php(13): CApplication->run()
#9 {main}
REQUEST_URI=/phponyii/index.php?r=site/page&view=download
HTTP_REFERER=http://127.0.0.1:1000/phponyii/index.php?r=site/index
---
2013/06/18 10:08:39 [error] [exception.CHttpException.404] exception 'CHttpException' with message 'The requested view "deploy" was not found.' in /Users/coly/Sites/yii-1.1.13.e9e4a0/framework/web/actions/CViewAction.php:112
Stack trace:
#0 /Users/coly/Sites/yii-1.1.13.e9e4a0/framework/web/actions/CViewAction.php(123): CViewAction->resolveView('deploy')
#1 /Users/coly/Sites/yii-1.1.13.e9e4a0/framework/web/actions/CAction.php(76): CViewAction->run()
#2 /Users/coly/Sites/yii-1.1.13.e9e4a0/framework/web/CController.php(308): CAction->runWithParams(Array)
#3 /Users/coly/Sites/yii-1.1.13.e9e4a0/framework/web/CController.php(286): CController->runAction(Object(CViewAction))
#4 /Users/coly/Sites/yii-1.1.13.e9e4a0/framework/web/CController.php(265): CController->runActionWithFilters(Object(CViewAction), Array)
#5 /Users/coly/Sites/yii-1.1.13.e9e4a0/framework/web/CWebApplication.php(282): CController->run('page')
#6 /Users/coly/Sites/yii-1.1.13.e9e4a0/framework/web/CWebApplication.php(141): CWebApplication->runController('site/page')
#7 /Users/coly/Sites/yii-1.1.13.e9e4a0/framework/base/CApplication.php(169): CWebApplication->processRequest()
#8 /Users/coly/Sites/phponyii/index.php(13): CApplication->run()
#9 {main}
REQUEST_URI=/phponyii/index.php?r=site/page&view=deploy
HTTP_REFERER=http://127.0.0.1:1000/phponyii/index.php?r=site/page&view=download
---
2013/06/18 10:08:40 [error] [exception.CHttpException.404] exception 'CHttpException' with message 'Unable to resolve the request "https://github.com/colyii".' in /Users/coly/Sites/yii-1.1.13.e9e4a0/framework/web/CWebApplication.php:286
Stack trace:
#0 /Users/coly/Sites/yii-1.1.13.e9e4a0/framework/web/CWebApplication.php(141): CWebApplication->runController('https://github....')
#1 /Users/coly/Sites/yii-1.1.13.e9e4a0/framework/base/CApplication.php(169): CWebApplication->processRequest()
#2 /Users/coly/Sites/phponyii/index.php(13): CApplication->run()
#3 {main}
REQUEST_URI=/phponyii/index.php?r=https://github.com/colyii
HTTP_REFERER=http://127.0.0.1:1000/phponyii/index.php?r=site/page&view=deploy
---
2013/06/18 10:08:41 [error] [exception.CHttpException.404] exception 'CHttpException' with message 'The requested view "screencasts" was not found.' in /Users/coly/Sites/yii-1.1.13.e9e4a0/framework/web/actions/CViewAction.php:112
Stack trace:
#0 /Users/coly/Sites/yii-1.1.13.e9e4a0/framework/web/actions/CViewAction.php(123): CViewAction->resolveView('screencasts')
#1 /Users/coly/Sites/yii-1.1.13.e9e4a0/framework/web/actions/CAction.php(76): CViewAction->run()
#2 /Users/coly/Sites/yii-1.1.13.e9e4a0/framework/web/CController.php(308): CAction->runWithParams(Array)
#3 /Users/coly/Sites/yii-1.1.13.e9e4a0/framework/web/CController.php(286): CController->runAction(Object(CViewAction))
#4 /Users/coly/Sites/yii-1.1.13.e9e4a0/framework/web/CController.php(265): CController->runActionWithFilters(Object(CViewAction), Array)
#5 /Users/coly/Sites/yii-1.1.13.e9e4a0/framework/web/CWebApplication.php(282): CController->run('page')
#6 /Users/coly/Sites/yii-1.1.13.e9e4a0/framework/web/CWebApplication.php(141): CWebApplication->runController('site/page')
#7 /Users/coly/Sites/yii-1.1.13.e9e4a0/framework/base/CApplication.php(169): CWebApplication->processRequest()
#8 /Users/coly/Sites/phponyii/index.php(13): CApplication->run()
#9 {main}
REQUEST_URI=/phponyii/index.php?r=site/page&view=screencasts
HTTP_REFERER=http://127.0.0.1:1000/phponyii/index.php?r=https://github.com/colyii
---
2013/06/18 10:08:42 [error] [exception.CHttpException.404] exception 'CHttpException' with message 'The requested view "documentation" was not found.' in /Users/coly/Sites/yii-1.1.13.e9e4a0/framework/web/actions/CViewAction.php:112
Stack trace:
#0 /Users/coly/Sites/yii-1.1.13.e9e4a0/framework/web/actions/CViewAction.php(123): CViewAction->resolveView('documentation')
#1 /Users/coly/Sites/yii-1.1.13.e9e4a0/framework/web/actions/CAction.php(76): CViewAction->run()
#2 /Users/coly/Sites/yii-1.1.13.e9e4a0/framework/web/CController.php(308): CAction->runWithParams(Array)
#3 /Users/coly/Sites/yii-1.1.13.e9e4a0/framework/web/CController.php(286): CController->runAction(Object(CViewAction))
#4 /Users/coly/Sites/yii-1.1.13.e9e4a0/framework/web/CController.php(265): CController->runActionWithFilters(Object(CViewAction), Array)
#5 /Users/coly/Sites/yii-1.1.13.e9e4a0/framework/web/CWebApplication.php(282): CController->run('page')
#6 /Users/coly/Sites/yii-1.1.13.e9e4a0/framework/web/CWebApplication.php(141): CWebApplication->runController('site/page')
#7 /Users/coly/Sites/yii-1.1.13.e9e4a0/framework/base/CApplication.php(169): CWebApplication->processRequest()
#8 /Users/coly/Sites/phponyii/index.php(13): CApplication->run()
#9 {main}
REQUEST_URI=/phponyii/index.php?r=site/page&view=documentation
HTTP_REFERER=http://127.0.0.1:1000/phponyii/index.php?r=site/page&view=screencasts
---
2013/06/18 10:08:42 [error] [exception.CHttpException.404] exception 'CHttpException' with message 'The requested view "ecosystem" was not found.' in /Users/coly/Sites/yii-1.1.13.e9e4a0/framework/web/actions/CViewAction.php:112
Stack trace:
#0 /Users/coly/Sites/yii-1.1.13.e9e4a0/framework/web/actions/CViewAction.php(123): CViewAction->resolveView('ecosystem')
#1 /Users/coly/Sites/yii-1.1.13.e9e4a0/framework/web/actions/CAction.php(76): CViewAction->run()
#2 /Users/coly/Sites/yii-1.1.13.e9e4a0/framework/web/CController.php(308): CAction->runWithParams(Array)
#3 /Users/coly/Sites/yii-1.1.13.e9e4a0/framework/web/CController.php(286): CController->runAction(Object(CViewAction))
#4 /Users/coly/Sites/yii-1.1.13.e9e4a0/framework/web/CController.php(265): CController->runActionWithFilters(Object(CViewAction), Array)
#5 /Users/coly/Sites/yii-1.1.13.e9e4a0/framework/web/CWebApplication.php(282): CController->run('page')
#6 /Users/coly/Sites/yii-1.1.13.e9e4a0/framework/web/CWebApplication.php(141): CWebApplication->runController('site/page')
#7 /Users/coly/Sites/yii-1.1.13.e9e4a0/framework/base/CApplication.php(169): CWebApplication->processRequest()
#8 /Users/coly/Sites/phponyii/index.php(13): CApplication->run()
#9 {main}
REQUEST_URI=/phponyii/index.php?r=site/page&view=ecosystem
HTTP_REFERER=http://127.0.0.1:1000/phponyii/index.php?r=site/page&view=documentation
---
2013/06/18 10:08:43 [error] [exception.CHttpException.404] exception 'CHttpException' with message 'Unable to resolve the request "post/index".' in /Users/coly/Sites/yii-1.1.13.e9e4a0/framework/web/CWebApplication.php:286
Stack trace:
#0 /Users/coly/Sites/yii-1.1.13.e9e4a0/framework/web/CWebApplication.php(141): CWebApplication->runController('post/index')
#1 /Users/coly/Sites/yii-1.1.13.e9e4a0/framework/base/CApplication.php(169): CWebApplication->processRequest()
#2 /Users/coly/Sites/phponyii/index.php(13): CApplication->run()
#3 {main}
REQUEST_URI=/phponyii/index.php?r=post/index
HTTP_REFERER=http://127.0.0.1:1000/phponyii/index.php?r=site/page&view=ecosystem
---
2013/06/18 10:08:45 [error] [exception.CHttpException.404] exception 'CHttpException' with message 'Unable to resolve the request "https://github.com/colyii".' in /Users/coly/Sites/yii-1.1.13.e9e4a0/framework/web/CWebApplication.php:286
Stack trace:
#0 /Users/coly/Sites/yii-1.1.13.e9e4a0/framework/web/CWebApplication.php(141): CWebApplication->runController('https://github....')
#1 /Users/coly/Sites/yii-1.1.13.e9e4a0/framework/base/CApplication.php(169): CWebApplication->processRequest()
#2 /Users/coly/Sites/phponyii/index.php(13): CApplication->run()
#3 {main}
REQUEST_URI=/phponyii/index.php?r=https://github.com/colyii
HTTP_REFERER=http://127.0.0.1:1000/phponyii/index.php?r=post/index
---
2013/06/18 10:08:45 [error] [exception.CHttpException.404] exception 'CHttpException' with message 'The requested view "deploy" was not found.' in /Users/coly/Sites/yii-1.1.13.e9e4a0/framework/web/actions/CViewAction.php:112
Stack trace:
#0 /Users/coly/Sites/yii-1.1.13.e9e4a0/framework/web/actions/CViewAction.php(123): CViewAction->resolveView('deploy')
#1 /Users/coly/Sites/yii-1.1.13.e9e4a0/framework/web/actions/CAction.php(76): CViewAction->run()
#2 /Users/coly/Sites/yii-1.1.13.e9e4a0/framework/web/CController.php(308): CAction->runWithParams(Array)
#3 /Users/coly/Sites/yii-1.1.13.e9e4a0/framework/web/CController.php(286): CController->runAction(Object(CViewAction))
#4 /Users/coly/Sites/yii-1.1.13.e9e4a0/framework/web/CController.php(265): CController->runActionWithFilters(Object(CViewAction), Array)
#5 /Users/coly/Sites/yii-1.1.13.e9e4a0/framework/web/CWebApplication.php(282): CController->run('page')
#6 /Users/coly/Sites/yii-1.1.13.e9e4a0/framework/web/CWebApplication.php(141): CWebApplication->runController('site/page')
#7 /Users/coly/Sites/yii-1.1.13.e9e4a0/framework/base/CApplication.php(169): CWebApplication->processRequest()
#8 /Users/coly/Sites/phponyii/index.php(13): CApplication->run()
#9 {main}
REQUEST_URI=/phponyii/index.php?r=site/page&view=deploy
HTTP_REFERER=http://127.0.0.1:1000/phponyii/index.php?r=https://github.com/colyii
---
2013/06/18 10:08:46 [error] [exception.CHttpException.404] exception 'CHttpException' with message 'The requested view "download" was not found.' in /Users/coly/Sites/yii-1.1.13.e9e4a0/framework/web/actions/CViewAction.php:112
Stack trace:
#0 /Users/coly/Sites/yii-1.1.13.e9e4a0/framework/web/actions/CViewAction.php(123): CViewAction->resolveView('download')
#1 /Users/coly/Sites/yii-1.1.13.e9e4a0/framework/web/actions/CAction.php(76): CViewAction->run()
#2 /Users/coly/Sites/yii-1.1.13.e9e4a0/framework/web/CController.php(308): CAction->runWithParams(Array)
#3 /Users/coly/Sites/yii-1.1.13.e9e4a0/framework/web/CController.php(286): CController->runAction(Object(CViewAction))
#4 /Users/coly/Sites/yii-1.1.13.e9e4a0/framework/web/CController.php(265): CController->runActionWithFilters(Object(CViewAction), Array)
#5 /Users/coly/Sites/yii-1.1.13.e9e4a0/framework/web/CWebApplication.php(282): CController->run('page')
#6 /Users/coly/Sites/yii-1.1.13.e9e4a0/framework/web/CWebApplication.php(141): CWebApplication->runController('site/page')
#7 /Users/coly/Sites/yii-1.1.13.e9e4a0/framework/base/CApplication.php(169): CWebApplication->processRequest()
#8 /Users/coly/Sites/phponyii/index.php(13): CApplication->run()
#9 {main}
REQUEST_URI=/phponyii/index.php?r=site/page&view=download
HTTP_REFERER=http://127.0.0.1:1000/phponyii/index.php?r=site/page&view=deploy
---
2013/06/18 10:10:59 [error] [exception.CHttpException.404] exception 'CHttpException' with message 'The requested view "download" was not found.' in /Users/coly/Sites/yii-1.1.13.e9e4a0/framework/web/actions/CViewAction.php:112
Stack trace:
#0 /Users/coly/Sites/yii-1.1.13.e9e4a0/framework/web/actions/CViewAction.php(123): CViewAction->resolveView('download')
#1 /Users/coly/Sites/yii-1.1.13.e9e4a0/framework/web/actions/CAction.php(76): CViewAction->run()
#2 /Users/coly/Sites/yii-1.1.13.e9e4a0/framework/web/CController.php(308): CAction->runWithParams(Array)
#3 /Users/coly/Sites/yii-1.1.13.e9e4a0/framework/web/CController.php(286): CController->runAction(Object(CViewAction))
#4 /Users/coly/Sites/yii-1.1.13.e9e4a0/framework/web/CController.php(265): CController->runActionWithFilters(Object(CViewAction), Array)
#5 /Users/coly/Sites/yii-1.1.13.e9e4a0/framework/web/CWebApplication.php(282): CController->run('page')
#6 /Users/coly/Sites/yii-1.1.13.e9e4a0/framework/web/CWebApplication.php(141): CWebApplication->runController('site/page')
#7 /Users/coly/Sites/yii-1.1.13.e9e4a0/framework/base/CApplication.php(169): CWebApplication->processRequest()
#8 /Users/coly/Sites/phponyii/index.php(13): CApplication->run()
#9 {main}
REQUEST_URI=/phponyii/index.php?r=site/page&view=download
HTTP_REFERER=http://127.0.0.1:1000/phponyii/index.php?r=site/index
---
2013/06/18 10:11:00 [error] [exception.CHttpException.404] exception 'CHttpException' with message 'The requested view "deploy" was not found.' in /Users/coly/Sites/yii-1.1.13.e9e4a0/framework/web/actions/CViewAction.php:112
Stack trace:
#0 /Users/coly/Sites/yii-1.1.13.e9e4a0/framework/web/actions/CViewAction.php(123): CViewAction->resolveView('deploy')
#1 /Users/coly/Sites/yii-1.1.13.e9e4a0/framework/web/actions/CAction.php(76): CViewAction->run()
#2 /Users/coly/Sites/yii-1.1.13.e9e4a0/framework/web/CController.php(308): CAction->runWithParams(Array)
#3 /Users/coly/Sites/yii-1.1.13.e9e4a0/framework/web/CController.php(286): CController->runAction(Object(CViewAction))
#4 /Users/coly/Sites/yii-1.1.13.e9e4a0/framework/web/CController.php(265): CController->runActionWithFilters(Object(CViewAction), Array)
#5 /Users/coly/Sites/yii-1.1.13.e9e4a0/framework/web/CWebApplication.php(282): CController->run('page')
#6 /Users/coly/Sites/yii-1.1.13.e9e4a0/framework/web/CWebApplication.php(141): CWebApplication->runController('site/page')
#7 /Users/coly/Sites/yii-1.1.13.e9e4a0/framework/base/CApplication.php(169): CWebApplication->processRequest()
#8 /Users/coly/Sites/phponyii/index.php(13): CApplication->run()
#9 {main}
REQUEST_URI=/phponyii/index.php?r=site/page&view=deploy
HTTP_REFERER=http://127.0.0.1:1000/phponyii/index.php?r=site/page&view=download
---
2013/06/18 10:11:01 [error] [exception.CHttpException.404] exception 'CHttpException' with message 'Unable to resolve the request "https://github.com/colyii".' in /Users/coly/Sites/yii-1.1.13.e9e4a0/framework/web/CWebApplication.php:286
Stack trace:
#0 /Users/coly/Sites/yii-1.1.13.e9e4a0/framework/web/CWebApplication.php(141): CWebApplication->runController('https://github....')
#1 /Users/coly/Sites/yii-1.1.13.e9e4a0/framework/base/CApplication.php(169): CWebApplication->processRequest()
#2 /Users/coly/Sites/phponyii/index.php(13): CApplication->run()
#3 {main}
REQUEST_URI=/phponyii/index.php?r=https://github.com/colyii
HTTP_REFERER=http://127.0.0.1:1000/phponyii/index.php?r=site/page&view=deploy
---
2013/06/18 10:11:02 [error] [exception.CHttpException.404] exception 'CHttpException' with message 'The requested view "screencasts" was not found.' in /Users/coly/Sites/yii-1.1.13.e9e4a0/framework/web/actions/CViewAction.php:112
Stack trace:
#0 /Users/coly/Sites/yii-1.1.13.e9e4a0/framework/web/actions/CViewAction.php(123): CViewAction->resolveView('screencasts')
#1 /Users/coly/Sites/yii-1.1.13.e9e4a0/framework/web/actions/CAction.php(76): CViewAction->run()
#2 /Users/coly/Sites/yii-1.1.13.e9e4a0/framework/web/CController.php(308): CAction->runWithParams(Array)
#3 /Users/coly/Sites/yii-1.1.13.e9e4a0/framework/web/CController.php(286): CController->runAction(Object(CViewAction))
#4 /Users/coly/Sites/yii-1.1.13.e9e4a0/framework/web/CController.php(265): CController->runActionWithFilters(Object(CViewAction), Array)
#5 /Users/coly/Sites/yii-1.1.13.e9e4a0/framework/web/CWebApplication.php(282): CController->run('page')
#6 /Users/coly/Sites/yii-1.1.13.e9e4a0/framework/web/CWebApplication.php(141): CWebApplication->runController('site/page')
#7 /Users/coly/Sites/yii-1.1.13.e9e4a0/framework/base/CApplication.php(169): CWebApplication->processRequest()
#8 /Users/coly/Sites/phponyii/index.php(13): CApplication->run()
#9 {main}
REQUEST_URI=/phponyii/index.php?r=site/page&view=screencasts
HTTP_REFERER=http://127.0.0.1:1000/phponyii/index.php?r=https://github.com/colyii
---
2013/06/18 10:11:02 [error] [exception.CHttpException.404] exception 'CHttpException' with message 'The requested view "documentation" was not found.' in /Users/coly/Sites/yii-1.1.13.e9e4a0/framework/web/actions/CViewAction.php:112
Stack trace:
#0 /Users/coly/Sites/yii-1.1.13.e9e4a0/framework/web/actions/CViewAction.php(123): CViewAction->resolveView('documentation')
#1 /Users/coly/Sites/yii-1.1.13.e9e4a0/framework/web/actions/CAction.php(76): CViewAction->run()
#2 /Users/coly/Sites/yii-1.1.13.e9e4a0/framework/web/CController.php(308): CAction->runWithParams(Array)
#3 /Users/coly/Sites/yii-1.1.13.e9e4a0/framework/web/CController.php(286): CController->runAction(Object(CViewAction))
#4 /Users/coly/Sites/yii-1.1.13.e9e4a0/framework/web/CController.php(265): CController->runActionWithFilters(Object(CViewAction), Array)
#5 /Users/coly/Sites/yii-1.1.13.e9e4a0/framework/web/CWebApplication.php(282): CController->run('page')
#6 /Users/coly/Sites/yii-1.1.13.e9e4a0/framework/web/CWebApplication.php(141): CWebApplication->runController('site/page')
#7 /Users/coly/Sites/yii-1.1.13.e9e4a0/framework/base/CApplication.php(169): CWebApplication->processRequest()
#8 /Users/coly/Sites/phponyii/index.php(13): CApplication->run()
#9 {main}
REQUEST_URI=/phponyii/index.php?r=site/page&view=documentation
HTTP_REFERER=http://127.0.0.1:1000/phponyii/index.php?r=site/page&view=screencasts
---
2013/06/18 10:11:03 [error] [exception.CHttpException.404] exception 'CHttpException' with message 'The requested view "ecosystem" was not found.' in /Users/coly/Sites/yii-1.1.13.e9e4a0/framework/web/actions/CViewAction.php:112
Stack trace:
#0 /Users/coly/Sites/yii-1.1.13.e9e4a0/framework/web/actions/CViewAction.php(123): CViewAction->resolveView('ecosystem')
#1 /Users/coly/Sites/yii-1.1.13.e9e4a0/framework/web/actions/CAction.php(76): CViewAction->run()
#2 /Users/coly/Sites/yii-1.1.13.e9e4a0/framework/web/CController.php(308): CAction->runWithParams(Array)
#3 /Users/coly/Sites/yii-1.1.13.e9e4a0/framework/web/CController.php(286): CController->runAction(Object(CViewAction))
#4 /Users/coly/Sites/yii-1.1.13.e9e4a0/framework/web/CController.php(265): CController->runActionWithFilters(Object(CViewAction), Array)
#5 /Users/coly/Sites/yii-1.1.13.e9e4a0/framework/web/CWebApplication.php(282): CController->run('page')
#6 /Users/coly/Sites/yii-1.1.13.e9e4a0/framework/web/CWebApplication.php(141): CWebApplication->runController('site/page')
#7 /Users/coly/Sites/yii-1.1.13.e9e4a0/framework/base/CApplication.php(169): CWebApplication->processRequest()
#8 /Users/coly/Sites/phponyii/index.php(13): CApplication->run()
#9 {main}
REQUEST_URI=/phponyii/index.php?r=site/page&view=ecosystem
HTTP_REFERER=http://127.0.0.1:1000/phponyii/index.php?r=site/page&view=documentation
---
2013/06/18 10:11:04 [error] [exception.CHttpException.404] exception 'CHttpException' with message 'Unable to resolve the request "post/index".' in /Users/coly/Sites/yii-1.1.13.e9e4a0/framework/web/CWebApplication.php:286
Stack trace:
#0 /Users/coly/Sites/yii-1.1.13.e9e4a0/framework/web/CWebApplication.php(141): CWebApplication->runController('post/index')
#1 /Users/coly/Sites/yii-1.1.13.e9e4a0/framework/base/CApplication.php(169): CWebApplication->processRequest()
#2 /Users/coly/Sites/phponyii/index.php(13): CApplication->run()
#3 {main}
REQUEST_URI=/phponyii/index.php?r=post/index
HTTP_REFERER=http://127.0.0.1:1000/phponyii/index.php?r=site/page&view=ecosystem
---
2013/06/18 10:13:30 [error] [exception.CHttpException.404] exception 'CHttpException' with message 'The requested view "download" was not found.' in /Users/coly/Sites/yii-1.1.13.e9e4a0/framework/web/actions/CViewAction.php:112
Stack trace:
#0 /Users/coly/Sites/yii-1.1.13.e9e4a0/framework/web/actions/CViewAction.php(123): CViewAction->resolveView('download')
#1 /Users/coly/Sites/yii-1.1.13.e9e4a0/framework/web/actions/CAction.php(76): CViewAction->run()
#2 /Users/coly/Sites/yii-1.1.13.e9e4a0/framework/web/CController.php(308): CAction->runWithParams(Array)
#3 /Users/coly/Sites/yii-1.1.13.e9e4a0/framework/web/CController.php(286): CController->runAction(Object(CViewAction))
#4 /Users/coly/Sites/yii-1.1.13.e9e4a0/framework/web/CController.php(265): CController->runActionWithFilters(Object(CViewAction), Array)
#5 /Users/coly/Sites/yii-1.1.13.e9e4a0/framework/web/CWebApplication.php(282): CController->run('page')
#6 /Users/coly/Sites/yii-1.1.13.e9e4a0/framework/web/CWebApplication.php(141): CWebApplication->runController('site/page')
#7 /Users/coly/Sites/yii-1.1.13.e9e4a0/framework/base/CApplication.php(169): CWebApplication->processRequest()
#8 /Users/coly/Sites/phponyii/index.php(13): CApplication->run()
#9 {main}
REQUEST_URI=/phponyii/index.php?r=site/page&view=download
HTTP_REFERER=http://127.0.0.1:1000/phponyii/index.php?r=site/index
---
2013/06/18 10:13:31 [error] [exception.CHttpException.404] exception 'CHttpException' with message 'The requested view "deploy" was not found.' in /Users/coly/Sites/yii-1.1.13.e9e4a0/framework/web/actions/CViewAction.php:112
Stack trace:
#0 /Users/coly/Sites/yii-1.1.13.e9e4a0/framework/web/actions/CViewAction.php(123): CViewAction->resolveView('deploy')
#1 /Users/coly/Sites/yii-1.1.13.e9e4a0/framework/web/actions/CAction.php(76): CViewAction->run()
#2 /Users/coly/Sites/yii-1.1.13.e9e4a0/framework/web/CController.php(308): CAction->runWithParams(Array)
#3 /Users/coly/Sites/yii-1.1.13.e9e4a0/framework/web/CController.php(286): CController->runAction(Object(CViewAction))
#4 /Users/coly/Sites/yii-1.1.13.e9e4a0/framework/web/CController.php(265): CController->runActionWithFilters(Object(CViewAction), Array)
#5 /Users/coly/Sites/yii-1.1.13.e9e4a0/framework/web/CWebApplication.php(282): CController->run('page')
#6 /Users/coly/Sites/yii-1.1.13.e9e4a0/framework/web/CWebApplication.php(141): CWebApplication->runController('site/page')
#7 /Users/coly/Sites/yii-1.1.13.e9e4a0/framework/base/CApplication.php(169): CWebApplication->processRequest()
#8 /Users/coly/Sites/phponyii/index.php(13): CApplication->run()
#9 {main}
REQUEST_URI=/phponyii/index.php?r=site/page&view=deploy
HTTP_REFERER=http://127.0.0.1:1000/phponyii/index.php?r=site/page&view=download
---
2013/06/18 10:13:32 [error] [exception.CHttpException.404] exception 'CHttpException' with message 'The requested view "download" was not found.' in /Users/coly/Sites/yii-1.1.13.e9e4a0/framework/web/actions/CViewAction.php:112
Stack trace:
#0 /Users/coly/Sites/yii-1.1.13.e9e4a0/framework/web/actions/CViewAction.php(123): CViewAction->resolveView('download')
#1 /Users/coly/Sites/yii-1.1.13.e9e4a0/framework/web/actions/CAction.php(76): CViewAction->run()
#2 /Users/coly/Sites/yii-1.1.13.e9e4a0/framework/web/CController.php(308): CAction->runWithParams(Array)
#3 /Users/coly/Sites/yii-1.1.13.e9e4a0/framework/web/CController.php(286): CController->runAction(Object(CViewAction))
#4 /Users/coly/Sites/yii-1.1.13.e9e4a0/framework/web/CController.php(265): CController->runActionWithFilters(Object(CViewAction), Array)
#5 /Users/coly/Sites/yii-1.1.13.e9e4a0/framework/web/CWebApplication.php(282): CController->run('page')
#6 /Users/coly/Sites/yii-1.1.13.e9e4a0/framework/web/CWebApplication.php(141): CWebApplication->runController('site/page')
#7 /Users/coly/Sites/yii-1.1.13.e9e4a0/framework/base/CApplication.php(169): CWebApplication->processRequest()
#8 /Users/coly/Sites/phponyii/index.php(13): CApplication->run()
#9 {main}
REQUEST_URI=/phponyii/index.php?r=site/page&view=download
HTTP_REFERER=http://127.0.0.1:1000/phponyii/index.php?r=site/page&view=deploy
---
2013/06/18 10:13:33 [error] [exception.CHttpException.404] exception 'CHttpException' with message 'The requested view "deploy" was not found.' in /Users/coly/Sites/yii-1.1.13.e9e4a0/framework/web/actions/CViewAction.php:112
Stack trace:
#0 /Users/coly/Sites/yii-1.1.13.e9e4a0/framework/web/actions/CViewAction.php(123): CViewAction->resolveView('deploy')
#1 /Users/coly/Sites/yii-1.1.13.e9e4a0/framework/web/actions/CAction.php(76): CViewAction->run()
#2 /Users/coly/Sites/yii-1.1.13.e9e4a0/framework/web/CController.php(308): CAction->runWithParams(Array)
#3 /Users/coly/Sites/yii-1.1.13.e9e4a0/framework/web/CController.php(286): CController->runAction(Object(CViewAction))
#4 /Users/coly/Sites/yii-1.1.13.e9e4a0/framework/web/CController.php(265): CController->runActionWithFilters(Object(CViewAction), Array)
#5 /Users/coly/Sites/yii-1.1.13.e9e4a0/framework/web/CWebApplication.php(282): CController->run('page')
#6 /Users/coly/Sites/yii-1.1.13.e9e4a0/framework/web/CWebApplication.php(141): CWebApplication->runController('site/page')
#7 /Users/coly/Sites/yii-1.1.13.e9e4a0/framework/base/CApplication.php(169): CWebApplication->processRequest()
#8 /Users/coly/Sites/phponyii/index.php(13): CApplication->run()
#9 {main}
REQUEST_URI=/phponyii/index.php?r=site/page&view=deploy
HTTP_REFERER=http://127.0.0.1:1000/phponyii/index.php?r=site/page&view=download
---
2013/06/18 10:13:33 [error] [exception.CHttpException.404] exception 'CHttpException' with message 'Unable to resolve the request "https://github.com/colyii".' in /Users/coly/Sites/yii-1.1.13.e9e4a0/framework/web/CWebApplication.php:286
Stack trace:
#0 /Users/coly/Sites/yii-1.1.13.e9e4a0/framework/web/CWebApplication.php(141): CWebApplication->runController('https://github....')
#1 /Users/coly/Sites/yii-1.1.13.e9e4a0/framework/base/CApplication.php(169): CWebApplication->processRequest()
#2 /Users/coly/Sites/phponyii/index.php(13): CApplication->run()
#3 {main}
REQUEST_URI=/phponyii/index.php?r=https://github.com/colyii
HTTP_REFERER=http://127.0.0.1:1000/phponyii/index.php?r=site/page&view=deploy
---
2013/06/18 10:13:34 [error] [exception.CHttpException.404] exception 'CHttpException' with message 'The requested view "screencasts" was not found.' in /Users/coly/Sites/yii-1.1.13.e9e4a0/framework/web/actions/CViewAction.php:112
Stack trace:
#0 /Users/coly/Sites/yii-1.1.13.e9e4a0/framework/web/actions/CViewAction.php(123): CViewAction->resolveView('screencasts')
#1 /Users/coly/Sites/yii-1.1.13.e9e4a0/framework/web/actions/CAction.php(76): CViewAction->run()
#2 /Users/coly/Sites/yii-1.1.13.e9e4a0/framework/web/CController.php(308): CAction->runWithParams(Array)
#3 /Users/coly/Sites/yii-1.1.13.e9e4a0/framework/web/CController.php(286): CController->runAction(Object(CViewAction))
#4 /Users/coly/Sites/yii-1.1.13.e9e4a0/framework/web/CController.php(265): CController->runActionWithFilters(Object(CViewAction), Array)
#5 /Users/coly/Sites/yii-1.1.13.e9e4a0/framework/web/CWebApplication.php(282): CController->run('page')
#6 /Users/coly/Sites/yii-1.1.13.e9e4a0/framework/web/CWebApplication.php(141): CWebApplication->runController('site/page')
#7 /Users/coly/Sites/yii-1.1.13.e9e4a0/framework/base/CApplication.php(169): CWebApplication->processRequest()
#8 /Users/coly/Sites/phponyii/index.php(13): CApplication->run()
#9 {main}
REQUEST_URI=/phponyii/index.php?r=site/page&view=screencasts
HTTP_REFERER=http://127.0.0.1:1000/phponyii/index.php?r=https://github.com/colyii
---
2013/06/18 10:13:34 [error] [exception.CHttpException.404] exception 'CHttpException' with message 'The requested view "documentation" was not found.' in /Users/coly/Sites/yii-1.1.13.e9e4a0/framework/web/actions/CViewAction.php:112
Stack trace:
#0 /Users/coly/Sites/yii-1.1.13.e9e4a0/framework/web/actions/CViewAction.php(123): CViewAction->resolveView('documentation')
#1 /Users/coly/Sites/yii-1.1.13.e9e4a0/framework/web/actions/CAction.php(76): CViewAction->run()
#2 /Users/coly/Sites/yii-1.1.13.e9e4a0/framework/web/CController.php(308): CAction->runWithParams(Array)
#3 /Users/coly/Sites/yii-1.1.13.e9e4a0/framework/web/CController.php(286): CController->runAction(Object(CViewAction))
#4 /Users/coly/Sites/yii-1.1.13.e9e4a0/framework/web/CController.php(265): CController->runActionWithFilters(Object(CViewAction), Array)
#5 /Users/coly/Sites/yii-1.1.13.e9e4a0/framework/web/CWebApplication.php(282): CController->run('page')
#6 /Users/coly/Sites/yii-1.1.13.e9e4a0/framework/web/CWebApplication.php(141): CWebApplication->runController('site/page')
#7 /Users/coly/Sites/yii-1.1.13.e9e4a0/framework/base/CApplication.php(169): CWebApplication->processRequest()
#8 /Users/coly/Sites/phponyii/index.php(13): CApplication->run()
#9 {main}
REQUEST_URI=/phponyii/index.php?r=site/page&view=documentation
HTTP_REFERER=http://127.0.0.1:1000/phponyii/index.php?r=site/page&view=screencasts
---
2013/06/18 10:13:35 [error] [exception.CHttpException.404] exception 'CHttpException' with message 'The requested view "ecosystem" was not found.' in /Users/coly/Sites/yii-1.1.13.e9e4a0/framework/web/actions/CViewAction.php:112
Stack trace:
#0 /Users/coly/Sites/yii-1.1.13.e9e4a0/framework/web/actions/CViewAction.php(123): CViewAction->resolveView('ecosystem')
#1 /Users/coly/Sites/yii-1.1.13.e9e4a0/framework/web/actions/CAction.php(76): CViewAction->run()
#2 /Users/coly/Sites/yii-1.1.13.e9e4a0/framework/web/CController.php(308): CAction->runWithParams(Array)
#3 /Users/coly/Sites/yii-1.1.13.e9e4a0/framework/web/CController.php(286): CController->runAction(Object(CViewAction))
#4 /Users/coly/Sites/yii-1.1.13.e9e4a0/framework/web/CController.php(265): CController->runActionWithFilters(Object(CViewAction), Array)
#5 /Users/coly/Sites/yii-1.1.13.e9e4a0/framework/web/CWebApplication.php(282): CController->run('page')
#6 /Users/coly/Sites/yii-1.1.13.e9e4a0/framework/web/CWebApplication.php(141): CWebApplication->runController('site/page')
#7 /Users/coly/Sites/yii-1.1.13.e9e4a0/framework/base/CApplication.php(169): CWebApplication->processRequest()
#8 /Users/coly/Sites/phponyii/index.php(13): CApplication->run()
#9 {main}
REQUEST_URI=/phponyii/index.php?r=site/page&view=ecosystem
HTTP_REFERER=http://127.0.0.1:1000/phponyii/index.php?r=site/page&view=documentation
---
2013/06/18 10:13:36 [error] [exception.CHttpException.404] exception 'CHttpException' with message 'Unable to resolve the request "post/index".' in /Users/coly/Sites/yii-1.1.13.e9e4a0/framework/web/CWebApplication.php:286
Stack trace:
#0 /Users/coly/Sites/yii-1.1.13.e9e4a0/framework/web/CWebApplication.php(141): CWebApplication->runController('post/index')
#1 /Users/coly/Sites/yii-1.1.13.e9e4a0/framework/base/CApplication.php(169): CWebApplication->processRequest()
#2 /Users/coly/Sites/phponyii/index.php(13): CApplication->run()
#3 {main}
REQUEST_URI=/phponyii/index.php?r=post/index
HTTP_REFERER=http://127.0.0.1:1000/phponyii/index.php?r=site/page&view=ecosystem
---
2013/06/18 10:13:38 [error] [exception.CHttpException.404] exception 'CHttpException' with message 'The requested view "download" was not found.' in /Users/coly/Sites/yii-1.1.13.e9e4a0/framework/web/actions/CViewAction.php:112
Stack trace:
#0 /Users/coly/Sites/yii-1.1.13.e9e4a0/framework/web/actions/CViewAction.php(123): CViewAction->resolveView('download')
#1 /Users/coly/Sites/yii-1.1.13.e9e4a0/framework/web/actions/CAction.php(76): CViewAction->run()
#2 /Users/coly/Sites/yii-1.1.13.e9e4a0/framework/web/CController.php(308): CAction->runWithParams(Array)
#3 /Users/coly/Sites/yii-1.1.13.e9e4a0/framework/web/CController.php(286): CController->runAction(Object(CViewAction))
#4 /Users/coly/Sites/yii-1.1.13.e9e4a0/framework/web/CController.php(265): CController->runActionWithFilters(Object(CViewAction), Array)
#5 /Users/coly/Sites/yii-1.1.13.e9e4a0/framework/web/CWebApplication.php(282): CController->run('page')
#6 /Users/coly/Sites/yii-1.1.13.e9e4a0/framework/web/CWebApplication.php(141): CWebApplication->runController('site/page')
#7 /Users/coly/Sites/yii-1.1.13.e9e4a0/framework/base/CApplication.php(169): CWebApplication->processRequest()
#8 /Users/coly/Sites/phponyii/index.php(13): CApplication->run()
#9 {main}
REQUEST_URI=/phponyii/index.php?r=site/page&view=download
HTTP_REFERER=http://127.0.0.1:1000/phponyii/index.php?r=site/index
---
2013/06/18 10:43:47 [error] [exception.CHttpException.404] exception 'CHttpException' with message 'The requested view "download" was not found.' in /Users/coly/Sites/yii-1.1.13.e9e4a0/framework/web/actions/CViewAction.php:112
Stack trace:
#0 /Users/coly/Sites/yii-1.1.13.e9e4a0/framework/web/actions/CViewAction.php(123): CViewAction->resolveView('download')
#1 /Users/coly/Sites/yii-1.1.13.e9e4a0/framework/web/actions/CAction.php(76): CViewAction->run()
#2 /Users/coly/Sites/yii-1.1.13.e9e4a0/framework/web/CController.php(308): CAction->runWithParams(Array)
#3 /Users/coly/Sites/yii-1.1.13.e9e4a0/framework/web/CController.php(286): CController->runAction(Object(CViewAction))
#4 /Users/coly/Sites/yii-1.1.13.e9e4a0/framework/web/CController.php(265): CController->runActionWithFilters(Object(CViewAction), Array)
#5 /Users/coly/Sites/yii-1.1.13.e9e4a0/framework/web/CWebApplication.php(282): CController->run('page')
#6 /Users/coly/Sites/yii-1.1.13.e9e4a0/framework/web/CWebApplication.php(141): CWebApplication->runController('site/page')
#7 /Users/coly/Sites/yii-1.1.13.e9e4a0/framework/base/CApplication.php(169): CWebApplication->processRequest()
#8 /Users/coly/Sites/phponyii/index.php(13): CApplication->run()
#9 {main}
REQUEST_URI=/phponyii/index.php?r=site/page&view=download
HTTP_REFERER=http://127.0.0.1:1000/phponyii/index.php?r=site/index
---
2013/06/18 10:45:07 [error] [exception.CHttpException.404] exception 'CHttpException' with message 'The requested view "deploy" was not found.' in /Users/coly/Sites/yii-1.1.13.e9e4a0/framework/web/actions/CViewAction.php:112
Stack trace:
#0 /Users/coly/Sites/yii-1.1.13.e9e4a0/framework/web/actions/CViewAction.php(123): CViewAction->resolveView('deploy')
#1 /Users/coly/Sites/yii-1.1.13.e9e4a0/framework/web/actions/CAction.php(76): CViewAction->run()
#2 /Users/coly/Sites/yii-1.1.13.e9e4a0/framework/web/CController.php(308): CAction->runWithParams(Array)
#3 /Users/coly/Sites/yii-1.1.13.e9e4a0/framework/web/CController.php(286): CController->runAction(Object(CViewAction))
#4 /Users/coly/Sites/yii-1.1.13.e9e4a0/framework/web/CController.php(265): CController->runActionWithFilters(Object(CViewAction), Array)
#5 /Users/coly/Sites/yii-1.1.13.e9e4a0/framework/web/CWebApplication.php(282): CController->run('page')
#6 /Users/coly/Sites/yii-1.1.13.e9e4a0/framework/web/CWebApplication.php(141): CWebApplication->runController('site/page')
#7 /Users/coly/Sites/yii-1.1.13.e9e4a0/framework/base/CApplication.php(169): CWebApplication->processRequest()
#8 /Users/coly/Sites/phponyii/index.php(13): CApplication->run()
#9 {main}
REQUEST_URI=/phponyii/index.php?r=site/page&view=deploy
HTTP_REFERER=http://127.0.0.1:1000/phponyii/index.php?r=site/page&view=download
---
2013/06/18 10:45:24 [error] [exception.CHttpException.404] exception 'CHttpException' with message 'Unable to resolve the request "https://github.com/colyii".' in /Users/coly/Sites/yii-1.1.13.e9e4a0/framework/web/CWebApplication.php:286
Stack trace:
#0 /Users/coly/Sites/yii-1.1.13.e9e4a0/framework/web/CWebApplication.php(141): CWebApplication->runController('https://github....')
#1 /Users/coly/Sites/yii-1.1.13.e9e4a0/framework/base/CApplication.php(169): CWebApplication->processRequest()
#2 /Users/coly/Sites/phponyii/index.php(13): CApplication->run()
#3 {main}
REQUEST_URI=/phponyii/index.php?r=https://github.com/colyii
HTTP_REFERER=http://127.0.0.1:1000/phponyii/index.php?r=site/page&view=deploy
---
2013/06/18 10:45:26 [error] [exception.CHttpException.404] exception 'CHttpException' with message 'The requested view "screencasts" was not found.' in /Users/coly/Sites/yii-1.1.13.e9e4a0/framework/web/actions/CViewAction.php:112
Stack trace:
#0 /Users/coly/Sites/yii-1.1.13.e9e4a0/framework/web/actions/CViewAction.php(123): CViewAction->resolveView('screencasts')
#1 /Users/coly/Sites/yii-1.1.13.e9e4a0/framework/web/actions/CAction.php(76): CViewAction->run()
#2 /Users/coly/Sites/yii-1.1.13.e9e4a0/framework/web/CController.php(308): CAction->runWithParams(Array)
#3 /Users/coly/Sites/yii-1.1.13.e9e4a0/framework/web/CController.php(286): CController->runAction(Object(CViewAction))
#4 /Users/coly/Sites/yii-1.1.13.e9e4a0/framework/web/CController.php(265): CController->runActionWithFilters(Object(CViewAction), Array)
#5 /Users/coly/Sites/yii-1.1.13.e9e4a0/framework/web/CWebApplication.php(282): CController->run('page')
#6 /Users/coly/Sites/yii-1.1.13.e9e4a0/framework/web/CWebApplication.php(141): CWebApplication->runController('site/page')
#7 /Users/coly/Sites/yii-1.1.13.e9e4a0/framework/base/CApplication.php(169): CWebApplication->processRequest()
#8 /Users/coly/Sites/phponyii/index.php(13): CApplication->run()
#9 {main}
REQUEST_URI=/phponyii/index.php?r=site/page&view=screencasts
HTTP_REFERER=http://127.0.0.1:1000/phponyii/index.php?r=https://github.com/colyii
---
2013/06/18 10:45:55 [error] [exception.CHttpException.404] exception 'CHttpException' with message 'The requested view "documentation" was not found.' in /Users/coly/Sites/yii-1.1.13.e9e4a0/framework/web/actions/CViewAction.php:112
Stack trace:
#0 /Users/coly/Sites/yii-1.1.13.e9e4a0/framework/web/actions/CViewAction.php(123): CViewAction->resolveView('documentation')
#1 /Users/coly/Sites/yii-1.1.13.e9e4a0/framework/web/actions/CAction.php(76): CViewAction->run()
#2 /Users/coly/Sites/yii-1.1.13.e9e4a0/framework/web/CController.php(308): CAction->runWithParams(Array)
#3 /Users/coly/Sites/yii-1.1.13.e9e4a0/framework/web/CController.php(286): CController->runAction(Object(CViewAction))
#4 /Users/coly/Sites/yii-1.1.13.e9e4a0/framework/web/CController.php(265): CController->runActionWithFilters(Object(CViewAction), Array)
#5 /Users/coly/Sites/yii-1.1.13.e9e4a0/framework/web/CWebApplication.php(282): CController->run('page')
#6 /Users/coly/Sites/yii-1.1.13.e9e4a0/framework/web/CWebApplication.php(141): CWebApplication->runController('site/page')
#7 /Users/coly/Sites/yii-1.1.13.e9e4a0/framework/base/CApplication.php(169): CWebApplication->processRequest()
#8 /Users/coly/Sites/phponyii/index.php(13): CApplication->run()
#9 {main}
REQUEST_URI=/phponyii/index.php?r=site/page&view=documentation
HTTP_REFERER=http://127.0.0.1:1000/phponyii/index.php?r=site/page&view=screencasts
---
2013/06/18 10:46:15 [error] [exception.CHttpException.404] exception 'CHttpException' with message 'The requested view "ecosystem" was not found.' in /Users/coly/Sites/yii-1.1.13.e9e4a0/framework/web/actions/CViewAction.php:112
Stack trace:
#0 /Users/coly/Sites/yii-1.1.13.e9e4a0/framework/web/actions/CViewAction.php(123): CViewAction->resolveView('ecosystem')
#1 /Users/coly/Sites/yii-1.1.13.e9e4a0/framework/web/actions/CAction.php(76): CViewAction->run()
#2 /Users/coly/Sites/yii-1.1.13.e9e4a0/framework/web/CController.php(308): CAction->runWithParams(Array)
#3 /Users/coly/Sites/yii-1.1.13.e9e4a0/framework/web/CController.php(286): CController->runAction(Object(CViewAction))
#4 /Users/coly/Sites/yii-1.1.13.e9e4a0/framework/web/CController.php(265): CController->runActionWithFilters(Object(CViewAction), Array)
#5 /Users/coly/Sites/yii-1.1.13.e9e4a0/framework/web/CWebApplication.php(282): CController->run('page')
#6 /Users/coly/Sites/yii-1.1.13.e9e4a0/framework/web/CWebApplication.php(141): CWebApplication->runController('site/page')
#7 /Users/coly/Sites/yii-1.1.13.e9e4a0/framework/base/CApplication.php(169): CWebApplication->processRequest()
#8 /Users/coly/Sites/phponyii/index.php(13): CApplication->run()
#9 {main}
REQUEST_URI=/phponyii/index.php?r=site/page&view=ecosystem
HTTP_REFERER=http://127.0.0.1:1000/phponyii/index.php?r=site/page&view=documentation
---
2013/06/18 10:46:52 [error] [exception.CHttpException.404] exception 'CHttpException' with message 'Unable to resolve the request "post/index".' in /Users/coly/Sites/yii-1.1.13.e9e4a0/framework/web/CWebApplication.php:286
Stack trace:
#0 /Users/coly/Sites/yii-1.1.13.e9e4a0/framework/web/CWebApplication.php(141): CWebApplication->runController('post/index')
#1 /Users/coly/Sites/yii-1.1.13.e9e4a0/framework/base/CApplication.php(169): CWebApplication->processRequest()
#2 /Users/coly/Sites/phponyii/index.php(13): CApplication->run()
#3 {main}
REQUEST_URI=/phponyii/index.php?r=post/index
HTTP_REFERER=http://127.0.0.1:1000/phponyii/index.php?r=site/page&view=ecosystem
---
2013/06/18 10:46:59 [error] [exception.CHttpException.404] exception 'CHttpException' with message 'Unable to resolve the request "https://github.com/colyii".' in /Users/coly/Sites/yii-1.1.13.e9e4a0/framework/web/CWebApplication.php:286
Stack trace:
#0 /Users/coly/Sites/yii-1.1.13.e9e4a0/framework/web/CWebApplication.php(141): CWebApplication->runController('https://github....')
#1 /Users/coly/Sites/yii-1.1.13.e9e4a0/framework/base/CApplication.php(169): CWebApplication->processRequest()
#2 /Users/coly/Sites/phponyii/index.php(13): CApplication->run()
#3 {main}
REQUEST_URI=/phponyii/index.php?r=https://github.com/colyii
HTTP_REFERER=http://127.0.0.1:1000/phponyii/index.php?r=site/page&view=screencasts
---
2013/06/18 10:47:02 [error] [exception.CHttpException.404] exception 'CHttpException' with message 'Unable to resolve the request "https://github.com/colyii".' in /Users/coly/Sites/yii-1.1.13.e9e4a0/framework/web/CWebApplication.php:286
Stack trace:
#0 /Users/coly/Sites/yii-1.1.13.e9e4a0/framework/web/CWebApplication.php(141): CWebApplication->runController('https://github....')
#1 /Users/coly/Sites/yii-1.1.13.e9e4a0/framework/base/CApplication.php(169): CWebApplication->processRequest()
#2 /Users/coly/Sites/phponyii/index.php(13): CApplication->run()
#3 {main}
REQUEST_URI=/phponyii/index.php?r=https://github.com/colyii
HTTP_REFERER=http://127.0.0.1:1000/phponyii/index.php?r=site/index
---
2013/06/18 10:48:21 [error] [exception.CHttpException.404] exception 'CHttpException' with message 'Unable to resolve the request "https://github.com/colyii".' in /Users/coly/Sites/yii-1.1.13.e9e4a0/framework/web/CWebApplication.php:286
Stack trace:
#0 /Users/coly/Sites/yii-1.1.13.e9e4a0/framework/web/CWebApplication.php(141): CWebApplication->runController('https://github....')
#1 /Users/coly/Sites/yii-1.1.13.e9e4a0/framework/base/CApplication.php(169): CWebApplication->processRequest()
#2 /Users/coly/Sites/phponyii/index.php(13): CApplication->run()
#3 {main}
REQUEST_URI=/phponyii/index.php?r=https://github.com/colyii
HTTP_REFERER=http://127.0.0.1:1000/phponyii/index.php?r=site/index
---
2013/06/18 10:49:15 [error] [exception.CHttpException.404] exception 'CHttpException' with message 'Unable to resolve the request "post/index".' in /Users/coly/Sites/yii-1.1.13.e9e4a0/framework/web/CWebApplication.php:286
Stack trace:
#0 /Users/coly/Sites/yii-1.1.13.e9e4a0/framework/web/CWebApplication.php(141): CWebApplication->runController('post/index')
#1 /Users/coly/Sites/yii-1.1.13.e9e4a0/framework/base/CApplication.php(169): CWebApplication->processRequest()
#2 /Users/coly/Sites/phponyii/index.php(13): CApplication->run()
#3 {main}
REQUEST_URI=/phponyii/index.php?r=post/index
HTTP_REFERER=http://127.0.0.1:1000/phponyii/index.php?r=site/page&view=ecosystem
---
2013/06/18 10:49:22 [error] [exception.CHttpException.404] exception 'CHttpException' with message 'Unable to resolve the request "post/index".' in /Users/coly/Sites/yii-1.1.13.e9e4a0/framework/web/CWebApplication.php:286
Stack trace:
#0 /Users/coly/Sites/yii-1.1.13.e9e4a0/framework/web/CWebApplication.php(141): CWebApplication->runController('post/index')
#1 /Users/coly/Sites/yii-1.1.13.e9e4a0/framework/base/CApplication.php(169): CWebApplication->processRequest()
#2 /Users/coly/Sites/phponyii/index.php(13): CApplication->run()
#3 {main}
REQUEST_URI=/phponyii/index.php?r=post/index
HTTP_REFERER=http://127.0.0.1:1000/phponyii/index.php?r=site/page&view=ecosystem
---
2013/06/18 10:49:45 [error] [exception.CHttpException.404] exception 'CHttpException' with message 'Unable to resolve the request "post/index".' in /Users/coly/Sites/yii-1.1.13.e9e4a0/framework/web/CWebApplication.php:286
Stack trace:
#0 /Users/coly/Sites/yii-1.1.13.e9e4a0/framework/web/CWebApplication.php(141): CWebApplication->runController('post/index')
#1 /Users/coly/Sites/yii-1.1.13.e9e4a0/framework/base/CApplication.php(169): CWebApplication->processRequest()
#2 /Users/coly/Sites/phponyii/index.php(13): CApplication->run()
#3 {main}
REQUEST_URI=/phponyii/index.php?r=post/index
HTTP_REFERER=http://127.0.0.1:1000/phponyii/index.php?r=site/index
---
2013/06/18 10:50:11 [error] [exception.CHttpException.404] exception 'CHttpException' with message 'Unable to resolve the request "post/index".' in /Users/coly/Sites/yii-1.1.13.e9e4a0/framework/web/CWebApplication.php:286
Stack trace:
#0 /Users/coly/Sites/yii-1.1.13.e9e4a0/framework/web/CWebApplication.php(141): CWebApplication->runController('post/index')
#1 /Users/coly/Sites/yii-1.1.13.e9e4a0/framework/base/CApplication.php(169): CWebApplication->processRequest()
#2 /Users/coly/Sites/phponyii/index.php(13): CApplication->run()
#3 {main}
REQUEST_URI=/phponyii/index.php?r=post/index
HTTP_REFERER=http://127.0.0.1:1000/phponyii/index.php?r=site/page&view=ecosystem
---
